<?xml version="1.0" encoding="UTF-8"?>
<testng-results skipped="0" failed="0" total="4" passed="4">
  <reporter-output>
  </reporter-output>
  <suite name="Default suite" duration-ms="111197" started-at="2020-07-17T23:13:22Z" finished-at="2020-07-17T23:15:14Z">
    <groups>
    </groups>
    <test name="Default test" duration-ms="111197" started-at="2020-07-17T23:13:22Z" finished-at="2020-07-17T23:15:14Z">
      <class name="TestNG.Testing">
        <test-method status="PASS" signature="registration()[pri:0, instance:TestNG.Testing@1ff8b8f]" name="registration" duration-ms="48890" started-at="2020-07-18T04:43:22Z" finished-at="2020-07-18T04:44:11Z">
          <reporter-output>
          </reporter-output>
        </test-method> <!-- registration -->
        <test-method status="PASS" signature="login()[pri:0, instance:TestNG.Testing@1ff8b8f]" name="login" duration-ms="25654" started-at="2020-07-18T04:44:11Z" finished-at="2020-07-18T04:44:37Z">
          <reporter-output>
          </reporter-output>
        </test-method> <!-- login -->
        <test-method status="PASS" signature="search()[pri:0, instance:TestNG.Testing@1ff8b8f]" name="search" duration-ms="20779" started-at="2020-07-18T04:44:37Z" finished-at="2020-07-18T04:44:58Z">
          <reporter-output>
          </reporter-output>
        </test-method> <!-- search -->
        <test-method status="PASS" signature="addToCart()[pri:0, instance:TestNG.Testing@1ff8b8f]" name="addToCart" duration-ms="15858" started-at="2020-07-18T04:44:58Z" finished-at="2020-07-18T04:45:14Z">
          <reporter-output>
          </reporter-output>
        </test-method> <!-- addToCart -->
      </class> <!-- TestNG.Testing -->
    </test> <!-- Default test -->
  </suite> <!-- Default suite -->
</testng-results>
