<?xml version="1.0" encoding="UTF-8"?>
<!-- Generated by org.testng.reporters.JUnitXMLReporter -->
<testsuite hostname="DESKTOP-GCS4VBV" name="Default test" tests="4" failures="0" timestamp="17 Jul 2020 23:15:14 GMT" time="111.197" errors="0">
  <testcase name="registration" time="48.89" classname="TestNG.Testing"/>
  <testcase name="login" time="25.654" classname="TestNG.Testing"/>
  <testcase name="search" time="20.779" classname="TestNG.Testing"/>
  <testcase name="addToCart" time="15.858" classname="TestNG.Testing"/>
</testsuite> <!-- Default test -->
